{"level":"info","message":"Авторизованный доступ к /orders/61","timestamp":"2024-04-28 21:03:48"}
{"level":"info","message":"Поступил запрос: GET /orders/61","timestamp":"2024-04-28 21:03:48"}
{"level":"info","message":"Авторизованный доступ к /orders/detail-view.js","timestamp":"2024-04-28 21:03:48"}
{"level":"info","message":"Поступил запрос: GET /orders/detail-view.js","timestamp":"2024-04-28 21:03:48"}
{"level":"info","message":"Авторизованный доступ к /orders/61","timestamp":"2024-04-28 21:04:59"}
{"level":"info","message":"Поступил запрос: GET /orders/61","timestamp":"2024-04-28 21:04:59"}
{"level":"info","message":"Авторизованный доступ к /orders/detail-view.js","timestamp":"2024-04-28 21:04:59"}
{"level":"info","message":"Поступил запрос: GET /orders/detail-view.js","timestamp":"2024-04-28 21:04:59"}
{"level":"info","message":"Авторизованный доступ к /orders/61","timestamp":"2024-04-28 21:05:53"}
{"level":"info","message":"Поступил запрос: GET /orders/61","timestamp":"2024-04-28 21:05:53"}
{"level":"info","message":"Авторизованный доступ к /orders/detail-view.js","timestamp":"2024-04-28 21:05:53"}
{"level":"info","message":"Поступил запрос: GET /orders/detail-view.js","timestamp":"2024-04-28 21:05:53"}
{"level":"info","message":"Авторизованный доступ к /orders/61","timestamp":"2024-04-28 21:06:37"}
{"level":"info","message":"Поступил запрос: GET /orders/61","timestamp":"2024-04-28 21:06:37"}
{"level":"info","message":"Авторизованный доступ к /orders/detail-view.js","timestamp":"2024-04-28 21:06:38"}
{"level":"info","message":"Поступил запрос: GET /orders/detail-view.js","timestamp":"2024-04-28 21:06:38"}
{"level":"info","message":"Авторизованный доступ к /orders/61","timestamp":"2024-04-28 21:08:07"}
{"level":"info","message":"Поступил запрос: GET /orders/61","timestamp":"2024-04-28 21:08:07"}
{"level":"info","message":"Авторизованный доступ к /orders/detail-view.js","timestamp":"2024-04-28 21:08:07"}
{"level":"info","message":"Поступил запрос: GET /orders/detail-view.js","timestamp":"2024-04-28 21:08:07"}
{"level":"info","message":"Авторизованный доступ к /Listing/url","timestamp":"2024-04-28 21:08:13"}
{"level":"info","message":"Поступил запрос: GET /Listing/url","timestamp":"2024-04-28 21:08:13"}
{"level":"info","message":"Авторизованный доступ к /orders/","timestamp":"2024-04-28 21:08:14"}
{"level":"info","message":"Поступил запрос: GET /orders/","timestamp":"2024-04-28 21:08:14"}
{"level":"info","message":"Авторизованный доступ к /orders/61","timestamp":"2024-04-28 21:08:15"}
{"level":"info","message":"Поступил запрос: GET /orders/61","timestamp":"2024-04-28 21:08:15"}
{"level":"info","message":"Авторизованный доступ к /orders/detail-view.js","timestamp":"2024-04-28 21:08:15"}
{"level":"info","message":"Поступил запрос: GET /orders/detail-view.js","timestamp":"2024-04-28 21:08:15"}
{"level":"info","message":"Авторизованный доступ к /orders/60","timestamp":"2024-04-28 21:08:17"}
{"level":"info","message":"Поступил запрос: GET /orders/60","timestamp":"2024-04-28 21:08:17"}
{"level":"info","message":"Авторизованный доступ к /orders/detail-view.js","timestamp":"2024-04-28 21:08:18"}
{"level":"info","message":"Поступил запрос: GET /orders/detail-view.js","timestamp":"2024-04-28 21:08:18"}
{"level":"info","message":"Авторизованный доступ к /Listing/url","timestamp":"2024-04-28 21:08:35"}
{"level":"info","message":"Поступил запрос: GET /Listing/url","timestamp":"2024-04-28 21:08:35"}
{"level":"info","message":"Авторизованный доступ к /orders/","timestamp":"2024-04-28 21:08:35"}
{"level":"info","message":"Поступил запрос: GET /orders/","timestamp":"2024-04-28 21:08:35"}
{"level":"info","message":"Авторизованный доступ к /orders/41","timestamp":"2024-04-28 21:08:36"}
{"level":"info","message":"Поступил запрос: GET /orders/41","timestamp":"2024-04-28 21:08:36"}
{"level":"info","message":"Авторизованный доступ к /orders/detail-view.js","timestamp":"2024-04-28 21:08:36"}
{"level":"info","message":"Поступил запрос: GET /orders/detail-view.js","timestamp":"2024-04-28 21:08:36"}
{"level":"info","message":"Авторизованный доступ к /Listing/url","timestamp":"2024-04-28 21:08:51"}
{"level":"info","message":"Поступил запрос: GET /Listing/url","timestamp":"2024-04-28 21:08:51"}
{"level":"info","message":"Авторизованный доступ к /orders/","timestamp":"2024-04-28 21:08:51"}
{"level":"info","message":"Поступил запрос: GET /orders/","timestamp":"2024-04-28 21:08:51"}
{"level":"info","message":"Авторизованный доступ к /orders/41","timestamp":"2024-04-28 21:08:54"}
{"level":"info","message":"Поступил запрос: GET /orders/41","timestamp":"2024-04-28 21:08:54"}
{"level":"info","message":"Авторизованный доступ к /orders/detail-view.js","timestamp":"2024-04-28 21:08:54"}
{"level":"info","message":"Поступил запрос: GET /orders/detail-view.js","timestamp":"2024-04-28 21:08:54"}
{"level":"info","message":"Авторизованный доступ к /Listing/url","timestamp":"2024-04-28 21:09:03"}
{"level":"info","message":"Поступил запрос: GET /Listing/url","timestamp":"2024-04-28 21:09:03"}
{"level":"info","message":"Авторизованный доступ к /orders/","timestamp":"2024-04-28 21:09:04"}
{"level":"info","message":"Поступил запрос: GET /orders/","timestamp":"2024-04-28 21:09:04"}
{"level":"info","message":"Авторизованный доступ к /orders/57","timestamp":"2024-04-28 21:09:14"}
{"level":"info","message":"Поступил запрос: GET /orders/57","timestamp":"2024-04-28 21:09:14"}
{"level":"info","message":"Авторизованный доступ к /orders/detail-view.js","timestamp":"2024-04-28 21:09:14"}
{"level":"info","message":"Поступил запрос: GET /orders/detail-view.js","timestamp":"2024-04-28 21:09:14"}
{"level":"info","message":"Авторизованный доступ к /orders/34","timestamp":"2024-04-28 21:09:19"}
{"level":"info","message":"Поступил запрос: GET /orders/34","timestamp":"2024-04-28 21:09:19"}
{"level":"info","message":"Авторизованный доступ к /orders/detail-view.js","timestamp":"2024-04-28 21:09:19"}
{"level":"info","message":"Поступил запрос: GET /orders/detail-view.js","timestamp":"2024-04-28 21:09:19"}
{"level":"info","message":"Авторизованный доступ к /orders/30","timestamp":"2024-04-28 21:09:36"}
{"level":"info","message":"Поступил запрос: GET /orders/30","timestamp":"2024-04-28 21:09:36"}
{"level":"info","message":"Авторизованный доступ к /orders/detail-view.js","timestamp":"2024-04-28 21:09:36"}
{"level":"info","message":"Поступил запрос: GET /orders/detail-view.js","timestamp":"2024-04-28 21:09:36"}
{"level":"info","message":"Авторизованный доступ к /orders/30","timestamp":"2024-04-28 21:09:49"}
{"level":"info","message":"Поступил запрос: GET /orders/30","timestamp":"2024-04-28 21:09:49"}
{"level":"info","message":"Авторизованный доступ к /orders/detail-view.js","timestamp":"2024-04-28 21:09:49"}
{"level":"info","message":"Поступил запрос: GET /orders/detail-view.js","timestamp":"2024-04-28 21:09:49"}
{"level":"info","message":"Авторизованный доступ к /orders/30","timestamp":"2024-04-28 21:09:49"}
{"level":"info","message":"Поступил запрос: GET /orders/30","timestamp":"2024-04-28 21:09:49"}
{"level":"info","message":"Авторизованный доступ к /orders/detail-view.js","timestamp":"2024-04-28 21:09:49"}
{"level":"info","message":"Поступил запрос: GET /orders/detail-view.js","timestamp":"2024-04-28 21:09:49"}
{"level":"info","message":"Авторизованный доступ к /orders/30","timestamp":"2024-04-28 21:09:52"}
{"level":"info","message":"Поступил запрос: GET /orders/30","timestamp":"2024-04-28 21:09:52"}
{"level":"info","message":"Авторизованный доступ к /orders/detail-view.js","timestamp":"2024-04-28 21:09:52"}
{"level":"info","message":"Поступил запрос: GET /orders/detail-view.js","timestamp":"2024-04-28 21:09:52"}
{"level":"info","message":"Авторизованный доступ к /Listing/url","timestamp":"2024-04-28 21:10:03"}
{"level":"info","message":"Поступил запрос: GET /Listing/url","timestamp":"2024-04-28 21:10:03"}
{"level":"info","message":"Авторизованный доступ к /orders/","timestamp":"2024-04-28 21:10:03"}
{"level":"info","message":"Поступил запрос: GET /orders/","timestamp":"2024-04-28 21:10:03"}
{"level":"info","message":"Авторизованный доступ к /sales/","timestamp":"2024-04-28 21:10:05"}
{"level":"info","message":"Поступил запрос: GET /sales/","timestamp":"2024-04-28 21:10:05"}
{"level":"info","message":"Авторизованный доступ к /api/orders","timestamp":"2024-04-28 21:10:05"}
{"level":"info","message":"Поступил запрос: GET /api/orders","timestamp":"2024-04-28 21:10:05"}
{"level":"info","message":"Авторизованный доступ к /orders/59","timestamp":"2024-04-28 21:10:06"}
{"level":"info","message":"Поступил запрос: GET /orders/59","timestamp":"2024-04-28 21:10:06"}
{"level":"info","message":"Авторизованный доступ к /orders/detail-view.js","timestamp":"2024-04-28 21:10:06"}
{"level":"info","message":"Поступил запрос: GET /orders/detail-view.js","timestamp":"2024-04-28 21:10:06"}
{"level":"info","message":"Авторизованный доступ к /orders/53","timestamp":"2024-04-28 21:10:11"}
{"level":"info","message":"Поступил запрос: GET /orders/53","timestamp":"2024-04-28 21:10:11"}
{"level":"info","message":"Авторизованный доступ к /orders/detail-view.js","timestamp":"2024-04-28 21:10:11"}
{"level":"info","message":"Поступил запрос: GET /orders/detail-view.js","timestamp":"2024-04-28 21:10:11"}
{"level":"info","message":"Авторизованный доступ к /sales/","timestamp":"2024-04-28 21:10:13"}
{"level":"info","message":"Поступил запрос: GET /sales/","timestamp":"2024-04-28 21:10:13"}
{"level":"info","message":"Авторизованный доступ к /api/orders","timestamp":"2024-04-28 21:10:14"}
{"level":"info","message":"Поступил запрос: GET /api/orders","timestamp":"2024-04-28 21:10:14"}
{"level":"info","message":"Авторизованный доступ к /orders/","timestamp":"2024-04-28 21:10:15"}
{"level":"info","message":"Поступил запрос: GET /orders/","timestamp":"2024-04-28 21:10:15"}
{"level":"info","message":"Авторизованный доступ к /sales/","timestamp":"2024-04-28 21:10:19"}
{"level":"info","message":"Поступил запрос: GET /sales/","timestamp":"2024-04-28 21:10:19"}
{"level":"info","message":"Авторизованный доступ к /api/orders","timestamp":"2024-04-28 21:10:19"}
{"level":"info","message":"Поступил запрос: GET /api/orders","timestamp":"2024-04-28 21:10:19"}
{"level":"info","message":"Авторизованный доступ к /Profile/16","timestamp":"2024-04-28 21:10:22"}
{"level":"info","message":"Поступил запрос: GET /Profile/16","timestamp":"2024-04-28 21:10:22"}
{"level":"info","message":"Авторизованный доступ к /Listing/url","timestamp":"2024-04-28 21:10:24"}
{"level":"info","message":"Поступил запрос: GET /Listing/url","timestamp":"2024-04-28 21:10:24"}
{"level":"info","message":"Авторизованный доступ к /Listing/url","timestamp":"2024-04-28 21:10:29"}
{"level":"info","message":"Поступил запрос: GET /Listing/url","timestamp":"2024-04-28 21:10:29"}
