{"level":"info","message":"Авторизованный доступ к /orders/55","timestamp":"2024-05-01 23:01:16"}
{"level":"info","message":"Поступил запрос: GET /orders/55","timestamp":"2024-05-01 23:01:16"}
{"level":"info","message":"Авторизованный доступ к /orders/detail-view.js","timestamp":"2024-05-01 23:01:16"}
{"level":"info","message":"Поступил запрос: GET /orders/detail-view.js","timestamp":"2024-05-01 23:01:16"}
{"level":"info","message":"Авторизованный доступ к /orders/55","timestamp":"2024-05-01 23:01:27"}
{"level":"info","message":"Поступил запрос: GET /orders/55","timestamp":"2024-05-01 23:01:27"}
{"level":"info","message":"Авторизованный доступ к /orders/detail-view.js","timestamp":"2024-05-01 23:01:27"}
{"level":"info","message":"Поступил запрос: GET /orders/detail-view.js","timestamp":"2024-05-01 23:01:27"}
{"level":"info","message":"Авторизованный доступ к /orders/55","timestamp":"2024-05-01 23:01:55"}
{"level":"info","message":"Поступил запрос: GET /orders/55","timestamp":"2024-05-01 23:01:55"}
{"level":"info","message":"Авторизованный доступ к /orders/detail-view.js","timestamp":"2024-05-01 23:01:55"}
{"level":"info","message":"Поступил запрос: GET /orders/detail-view.js","timestamp":"2024-05-01 23:01:55"}
{"level":"info","message":"Авторизованный доступ к /orders/55","timestamp":"2024-05-01 23:02:05"}
{"level":"info","message":"Поступил запрос: GET /orders/55","timestamp":"2024-05-01 23:02:05"}
{"level":"info","message":"Авторизованный доступ к /orders/detail-view.js","timestamp":"2024-05-01 23:02:05"}
{"level":"info","message":"Поступил запрос: GET /orders/detail-view.js","timestamp":"2024-05-01 23:02:05"}
{"level":"info","message":"Авторизованный доступ к /orders/55","timestamp":"2024-05-01 23:02:11"}
{"level":"info","message":"Поступил запрос: GET /orders/55","timestamp":"2024-05-01 23:02:11"}
{"level":"info","message":"Авторизованный доступ к /orders/detail-view.js","timestamp":"2024-05-01 23:02:11"}
{"level":"info","message":"Поступил запрос: GET /orders/detail-view.js","timestamp":"2024-05-01 23:02:11"}
{"level":"info","message":"Авторизованный доступ к /Listing/url","timestamp":"2024-05-01 23:02:16"}
{"level":"info","message":"Поступил запрос: GET /Listing/url","timestamp":"2024-05-01 23:02:16"}
{"level":"info","message":"Авторизованный доступ к /orders/","timestamp":"2024-05-01 23:02:24"}
{"level":"info","message":"Поступил запрос: GET /orders/","timestamp":"2024-05-01 23:02:24"}
{"level":"info","message":"Авторизованный доступ к /orders/61","timestamp":"2024-05-01 23:02:25"}
{"level":"info","message":"Поступил запрос: GET /orders/61","timestamp":"2024-05-01 23:02:25"}
{"level":"info","message":"Авторизованный доступ к /orders/detail-view.js","timestamp":"2024-05-01 23:02:25"}
{"level":"info","message":"Поступил запрос: GET /orders/detail-view.js","timestamp":"2024-05-01 23:02:25"}
{"level":"info","message":"Авторизованный доступ к /orders/","timestamp":"2024-05-01 23:02:37"}
{"level":"info","message":"Поступил запрос: GET /orders/","timestamp":"2024-05-01 23:02:37"}
{"level":"info","message":"Авторизованный доступ к /orders/61","timestamp":"2024-05-01 23:02:39"}
{"level":"info","message":"Поступил запрос: GET /orders/61","timestamp":"2024-05-01 23:02:39"}
{"level":"info","message":"Авторизованный доступ к /orders/detail-view.js","timestamp":"2024-05-01 23:02:39"}
{"level":"info","message":"Поступил запрос: GET /orders/detail-view.js","timestamp":"2024-05-01 23:02:39"}
{"level":"info","message":"Авторизованный доступ к /sales/","timestamp":"2024-05-01 23:02:52"}
{"level":"info","message":"Поступил запрос: GET /sales/","timestamp":"2024-05-01 23:02:52"}
{"level":"info","message":"Авторизованный доступ к /api/orders","timestamp":"2024-05-01 23:02:52"}
{"level":"info","message":"Поступил запрос: GET /api/orders","timestamp":"2024-05-01 23:02:52"}
{"level":"info","message":"Авторизованный доступ к /orders/59","timestamp":"2024-05-01 23:02:56"}
{"level":"info","message":"Поступил запрос: GET /orders/59","timestamp":"2024-05-01 23:02:56"}
{"level":"info","message":"Авторизованный доступ к /orders/detail-view.js","timestamp":"2024-05-01 23:02:56"}
{"level":"info","message":"Поступил запрос: GET /orders/detail-view.js","timestamp":"2024-05-01 23:02:56"}
{"level":"info","message":"Авторизованный доступ к /Profile/16","timestamp":"2024-05-01 23:03:11"}
{"level":"info","message":"Поступил запрос: GET /Profile/16","timestamp":"2024-05-01 23:03:11"}
{"level":"info","message":"Авторизованный доступ к /orders/","timestamp":"2024-05-01 23:03:16"}
{"level":"info","message":"Поступил запрос: GET /orders/","timestamp":"2024-05-01 23:03:16"}
{"level":"info","message":"Авторизованный доступ к /orders/60","timestamp":"2024-05-01 23:03:17"}
{"level":"info","message":"Поступил запрос: GET /orders/60","timestamp":"2024-05-01 23:03:17"}
{"level":"info","message":"Авторизованный доступ к /orders/detail-view.js","timestamp":"2024-05-01 23:03:17"}
{"level":"info","message":"Поступил запрос: GET /orders/detail-view.js","timestamp":"2024-05-01 23:03:17"}
{"level":"info","message":"Авторизованный доступ к /orders/37","timestamp":"2024-05-01 23:03:19"}
{"level":"info","message":"Поступил запрос: GET /orders/37","timestamp":"2024-05-01 23:03:19"}
{"level":"info","message":"Авторизованный доступ к /orders/detail-view.js","timestamp":"2024-05-01 23:03:19"}
{"level":"info","message":"Поступил запрос: GET /orders/detail-view.js","timestamp":"2024-05-01 23:03:19"}
{"level":"info","message":"Авторизованный доступ к /orders/37","timestamp":"2024-05-01 23:03:33"}
{"level":"info","message":"Поступил запрос: GET /orders/37","timestamp":"2024-05-01 23:03:33"}
{"level":"info","message":"Авторизованный доступ к /orders/detail-view.js","timestamp":"2024-05-01 23:03:33"}
{"level":"info","message":"Поступил запрос: GET /orders/detail-view.js","timestamp":"2024-05-01 23:03:33"}
{"level":"info","message":"Авторизованный доступ к /sales/","timestamp":"2024-05-01 23:03:34"}
{"level":"info","message":"Поступил запрос: GET /sales/","timestamp":"2024-05-01 23:03:34"}
{"level":"info","message":"Авторизованный доступ к /api/orders","timestamp":"2024-05-01 23:03:34"}
{"level":"info","message":"Поступил запрос: GET /api/orders","timestamp":"2024-05-01 23:03:34"}
{"level":"info","message":"Авторизованный доступ к /orders/46","timestamp":"2024-05-01 23:03:35"}
{"level":"info","message":"Поступил запрос: GET /orders/46","timestamp":"2024-05-01 23:03:35"}
{"level":"info","message":"Авторизованный доступ к /orders/detail-view.js","timestamp":"2024-05-01 23:03:35"}
{"level":"info","message":"Поступил запрос: GET /orders/detail-view.js","timestamp":"2024-05-01 23:03:35"}
{"level":"info","message":"Авторизованный доступ к /orders/59","timestamp":"2024-05-01 23:03:38"}
{"level":"info","message":"Поступил запрос: GET /orders/59","timestamp":"2024-05-01 23:03:38"}
{"level":"info","message":"Авторизованный доступ к /orders/detail-view.js","timestamp":"2024-05-01 23:03:38"}
{"level":"info","message":"Поступил запрос: GET /orders/detail-view.js","timestamp":"2024-05-01 23:03:38"}
{"level":"info","message":"Авторизованный доступ к /Profile/16","timestamp":"2024-05-01 23:03:40"}
{"level":"info","message":"Поступил запрос: GET /Profile/16","timestamp":"2024-05-01 23:03:40"}
{"level":"info","message":"Авторизованный доступ к /Listing/url","timestamp":"2024-05-01 23:03:47"}
{"level":"info","message":"Поступил запрос: GET /Listing/url","timestamp":"2024-05-01 23:03:47"}
{"level":"info","message":"Авторизованный доступ к /gameinfo/1","timestamp":"2024-05-01 23:03:53"}
{"level":"info","message":"Авторизованный доступ к /Game/gameinfo/1","timestamp":"2024-05-01 23:03:53"}
{"level":"info","message":"Поступил запрос: GET /Game/gameinfo/1","timestamp":"2024-05-01 23:03:53"}
{"level":"info","message":"Авторизованный доступ к /offer/29","timestamp":"2024-05-01 23:03:54"}
{"level":"info","message":"Поступил запрос: GET /offer/29","timestamp":"2024-05-01 23:03:54"}
{"level":"info","message":"Авторизованный доступ к /offer/29","timestamp":"2024-05-01 23:03:56"}
{"level":"info","message":"Поступил запрос: GET /offer/29","timestamp":"2024-05-01 23:03:56"}
{"level":"info","message":"Авторизованный доступ к /Profile/16","timestamp":"2024-05-01 23:04:01"}
{"level":"info","message":"Поступил запрос: GET /Profile/16","timestamp":"2024-05-01 23:04:01"}
{"level":"info","message":"Авторизованный доступ к /Listing/url","timestamp":"2024-05-01 23:06:59"}
{"level":"info","message":"Поступил запрос: GET /Listing/url","timestamp":"2024-05-01 23:06:59"}
{"level":"info","message":"Авторизованный доступ к /orders/","timestamp":"2024-05-01 23:06:59"}
{"level":"info","message":"Поступил запрос: GET /orders/","timestamp":"2024-05-01 23:06:59"}
{"level":"info","message":"Авторизованный доступ к /Profile/16","timestamp":"2024-05-01 23:07:02"}
{"level":"info","message":"Поступил запрос: GET /Profile/16","timestamp":"2024-05-01 23:07:02"}
{"level":"info","message":"Авторизованный доступ к /sales/","timestamp":"2024-05-01 23:11:20"}
{"level":"info","message":"Поступил запрос: GET /sales/","timestamp":"2024-05-01 23:11:20"}
{"level":"info","message":"Авторизованный доступ к /api/orders","timestamp":"2024-05-01 23:11:20"}
{"level":"info","message":"Поступил запрос: GET /api/orders","timestamp":"2024-05-01 23:11:20"}
{"level":"info","message":"Авторизованный доступ к /orders/","timestamp":"2024-05-01 23:11:21"}
{"level":"info","message":"Поступил запрос: GET /orders/","timestamp":"2024-05-01 23:11:21"}
{"level":"info","message":"Авторизованный доступ к /Listing/url","timestamp":"2024-05-01 23:11:22"}
{"level":"info","message":"Поступил запрос: GET /Listing/url","timestamp":"2024-05-01 23:11:22"}
{"level":"info","message":"Авторизованный доступ к /Profile/16","timestamp":"2024-05-01 23:11:25"}
{"level":"info","message":"Поступил запрос: GET /Profile/16","timestamp":"2024-05-01 23:11:25"}
